{
  "stats": {
    "suites": 9,
    "tests": 9,
    "passes": 0,
    "pending": 0,
    "failures": 9,
    "start": "2022-11-29T13:47:45.679Z",
    "end": "2022-11-29T13:47:45.863Z",
    "duration": 184,
    "testsRegistered": 9,
    "passPercent": 0,
    "pendingPercent": 0,
    "other": 0,
    "hasOther": false,
    "skipped": 0,
    "hasSkipped": false
  },
  "results": [
    {
      "uuid": "e58389cf-ddbe-4c33-8667-c7fd6ea9d387",
      "title": "",
      "fullFile": "",
      "file": "",
      "beforeHooks": [],
      "afterHooks": [
        {
          "title": "\"after all\" hook in \"{root}\"",
          "fullTitle": "\"after all\" hook in \"{root}\"",
          "timedOut": false,
          "duration": 1,
          "state": null,
          "speed": null,
          "pass": false,
          "fail": false,
          "pending": false,
          "context": null,
          "code": "done();",
          "err": {},
          "uuid": "c3d545d1-be88-49d2-8f63-92a706af10dd",
          "parentUUID": "e58389cf-ddbe-4c33-8667-c7fd6ea9d387",
          "isHook": true,
          "skipped": false
        }
      ],
      "tests": [],
      "suites": [
        {
          "uuid": "7bfb5630-ac4d-4969-8ed7-fa105afe5e6f",
          "title": "POST /api/mekanlar",
          "fullFile": "C:\\Users\\borak\\OneDrive\\Masaüstü\\mekanbul1\\test.js",
          "file": "\\test.js",
          "beforeHooks": [],
          "afterHooks": [],
          "tests": [
            {
              "title": "Yeni mekan ekle:",
              "fullTitle": "POST /api/mekanlar Yeni mekan ekle:",
              "timedOut": false,
              "duration": 70,
              "state": "failed",
              "speed": null,
              "pass": false,
              "fail": true,
              "pending": false,
              "context": null,
              "code": "const response = await request.post(\"/api/mekanlar\").send({\n  ad: \"Starbucks\",\n  adres: \"Centrum Garden\",\n  puan: 5,\n  imkanlar: \"çay,kahve,pasta\",\n  enlem: 37.83226584629666,\n  boylam: 30.524732239878013,\n  gunler1: \"Pazartesi-Cuma\",\n  acilis1: \"9:00\",\n  kapanis1: \"23:00\",\n  kapali1: false,\n  gunler2: \"Cumartesi-Pazar\",\n  acilis2: \"11:00\",\n  kapanis2: \"17:00\",\n  kapali2: false,\n});\nexpect(response.status).to.eql(201);\nprocess.env.mekanid = response.body._id;",
              "err": {
                "message": "Error: ECONNREFUSED: Connection refused",
                "estack": "Error: ECONNREFUSED: Connection refused\n    at Test.assert (node_modules\\supertest\\lib\\test.js:156:20)\n    at localAssert (node_modules\\supertest\\lib\\test.js:120:14)\n    at C:\\Users\\borak\\OneDrive\\Masaüstü\\mekanbul1\\node_modules\\supertest\\lib\\test.js:125:7\n    at Test.Request.callback (node_modules\\superagent\\lib\\node\\index.js:866:3)\n    at ClientRequest.<anonymous> (node_modules\\superagent\\lib\\node\\index.js:788:10)\n    at ClientRequest.emit (node:events:513:28)\n    at Socket.socketErrorListener (node:_http_client:481:9)\n    at Socket.emit (node:events:513:28)\n    at emitErrorNT (node:internal/streams/destroy:157:8)\n    at emitErrorCloseNT (node:internal/streams/destroy:122:3)\n    at processTicksAndRejections (node:internal/process/task_queues:83:21)",
                "diff": null
              },
              "uuid": "110d8d44-2cd1-4712-9cd7-ee74aa7d0487",
              "parentUUID": "7bfb5630-ac4d-4969-8ed7-fa105afe5e6f",
              "isHook": false,
              "skipped": false
            }
          ],
          "suites": [],
          "passes": [],
          "failures": [
            "110d8d44-2cd1-4712-9cd7-ee74aa7d0487"
          ],
          "pending": [],
          "skipped": [],
          "duration": 70,
          "root": false,
          "rootEmpty": false,
          "_timeout": 10000
        },
        {
          "uuid": "2ecd51c2-38b9-4be7-9f2c-16a2771bef02",
          "title": "GET /api/mekanlar",
          "fullFile": "C:\\Users\\borak\\OneDrive\\Masaüstü\\mekanbul1\\test.js",
          "file": "\\test.js",
          "beforeHooks": [],
          "afterHooks": [],
          "tests": [
            {
              "title": "Girilen konum civarındaki tüm mekanları listele:",
              "fullTitle": "GET /api/mekanlar Girilen konum civarındaki tüm mekanları listele:",
              "timedOut": false,
              "duration": 6,
              "state": "failed",
              "speed": null,
              "pass": false,
              "fail": true,
              "pending": false,
              "context": null,
              "code": "const response = await request.get(\"/api/mekanlar?enlem=37&boylam=35\");\nexpect(response.status).to.eql(200);",
              "err": {
                "message": "Error: ECONNREFUSED: Connection refused",
                "estack": "Error: ECONNREFUSED: Connection refused\n    at Test.assert (node_modules\\supertest\\lib\\test.js:156:20)\n    at localAssert (node_modules\\supertest\\lib\\test.js:120:14)\n    at C:\\Users\\borak\\OneDrive\\Masaüstü\\mekanbul1\\node_modules\\supertest\\lib\\test.js:125:7\n    at Test.Request.callback (node_modules\\superagent\\lib\\node\\index.js:866:3)\n    at ClientRequest.<anonymous> (node_modules\\superagent\\lib\\node\\index.js:788:10)\n    at ClientRequest.emit (node:events:513:28)\n    at Socket.socketErrorListener (node:_http_client:481:9)\n    at Socket.emit (node:events:513:28)\n    at emitErrorNT (node:internal/streams/destroy:157:8)\n    at emitErrorCloseNT (node:internal/streams/destroy:122:3)\n    at processTicksAndRejections (node:internal/process/task_queues:83:21)",
                "diff": null
              },
              "uuid": "af607025-32e6-49ec-9a46-0ef2a2e75d21",
              "parentUUID": "2ecd51c2-38b9-4be7-9f2c-16a2771bef02",
              "isHook": false,
              "skipped": false
            }
          ],
          "suites": [],
          "passes": [],
          "failures": [
            "af607025-32e6-49ec-9a46-0ef2a2e75d21"
          ],
          "pending": [],
          "skipped": [],
          "duration": 6,
          "root": false,
          "rootEmpty": false,
          "_timeout": 10000
        },
        {
          "uuid": "df50d1fa-80dd-49f2-8010-22cc762b869e",
          "title": "GET /api/mekanlar/:mekanid",
          "fullFile": "C:\\Users\\borak\\OneDrive\\Masaüstü\\mekanbul1\\test.js",
          "file": "\\test.js",
          "beforeHooks": [],
          "afterHooks": [],
          "tests": [
            {
              "title": "Mekan getir:",
              "fullTitle": "GET /api/mekanlar/:mekanid Mekan getir:",
              "timedOut": false,
              "duration": 4,
              "state": "failed",
              "speed": null,
              "pass": false,
              "fail": true,
              "pending": false,
              "context": null,
              "code": "const response = await request.get(`/api/mekanlar/${process.env.mekanid}`);\nexpect(response.status).to.eql(200);",
              "err": {
                "message": "Error: ECONNREFUSED: Connection refused",
                "estack": "Error: ECONNREFUSED: Connection refused\n    at Test.assert (node_modules\\supertest\\lib\\test.js:156:20)\n    at localAssert (node_modules\\supertest\\lib\\test.js:120:14)\n    at C:\\Users\\borak\\OneDrive\\Masaüstü\\mekanbul1\\node_modules\\supertest\\lib\\test.js:125:7\n    at Test.Request.callback (node_modules\\superagent\\lib\\node\\index.js:866:3)\n    at ClientRequest.<anonymous> (node_modules\\superagent\\lib\\node\\index.js:788:10)\n    at ClientRequest.emit (node:events:513:28)\n    at Socket.socketErrorListener (node:_http_client:481:9)\n    at Socket.emit (node:events:513:28)\n    at emitErrorNT (node:internal/streams/destroy:157:8)\n    at emitErrorCloseNT (node:internal/streams/destroy:122:3)\n    at processTicksAndRejections (node:internal/process/task_queues:83:21)",
                "diff": null
              },
              "uuid": "b1ec2766-865c-43b6-85f6-1363add838f2",
              "parentUUID": "df50d1fa-80dd-49f2-8010-22cc762b869e",
              "isHook": false,
              "skipped": false
            }
          ],
          "suites": [],
          "passes": [],
          "failures": [
            "b1ec2766-865c-43b6-85f6-1363add838f2"
          ],
          "pending": [],
          "skipped": [],
          "duration": 4,
          "root": false,
          "rootEmpty": false,
          "_timeout": 10000
        },
        {
          "uuid": "50debf79-0dc1-4862-9255-025b3eeb7e29",
          "title": "PUT /api/mekanlar/:mekanid",
          "fullFile": "C:\\Users\\borak\\OneDrive\\Masaüstü\\mekanbul1\\test.js",
          "file": "\\test.js",
          "beforeHooks": [],
          "afterHooks": [],
          "tests": [
            {
              "title": "Mekan Güncelle:",
              "fullTitle": "PUT /api/mekanlar/:mekanid Mekan Güncelle:",
              "timedOut": false,
              "duration": 12,
              "state": "failed",
              "speed": null,
              "pass": false,
              "fail": true,
              "pending": false,
              "context": null,
              "code": "const response = await request\n  .put(`/api/mekanlar/${process.env.mekanid}`)\n  .send({\n    ad: \"Gloria Jeans SDÜ\",\n    adres: \"SDÜ Doğu Kampüsü\",\n    puan: 3,\n    imkanlar: \"çay,kahve,pasta,refresher\",\n    enlem: 37.8,\n    boylam: 30.5,\n    gunler1: \"Pazartesi-Cuma\",\n    acilis1: \"9:10\",\n    kapanis1: \"23:10\",\n    kapali1: true,\n    gunler2: \"Cumartesi-Pazar\",\n    acilis2: \"11:10\",\n    kapanis2: \"17:10\",\n    kapali2: true,\n  });\nexpect(response.status).to.eql(200);",
              "err": {
                "message": "Error: ECONNREFUSED: Connection refused",
                "estack": "Error: ECONNREFUSED: Connection refused\n    at Test.assert (node_modules\\supertest\\lib\\test.js:156:20)\n    at localAssert (node_modules\\supertest\\lib\\test.js:120:14)\n    at C:\\Users\\borak\\OneDrive\\Masaüstü\\mekanbul1\\node_modules\\supertest\\lib\\test.js:125:7\n    at Test.Request.callback (node_modules\\superagent\\lib\\node\\index.js:866:3)\n    at ClientRequest.<anonymous> (node_modules\\superagent\\lib\\node\\index.js:788:10)\n    at ClientRequest.emit (node:events:513:28)\n    at Socket.socketErrorListener (node:_http_client:481:9)\n    at Socket.emit (node:events:513:28)\n    at emitErrorNT (node:internal/streams/destroy:157:8)\n    at emitErrorCloseNT (node:internal/streams/destroy:122:3)\n    at processTicksAndRejections (node:internal/process/task_queues:83:21)",
                "diff": null
              },
              "uuid": "04db7c88-60a4-47d4-bc43-1d3a49e58d6d",
              "parentUUID": "50debf79-0dc1-4862-9255-025b3eeb7e29",
              "isHook": false,
              "skipped": false
            }
          ],
          "suites": [],
          "passes": [],
          "failures": [
            "04db7c88-60a4-47d4-bc43-1d3a49e58d6d"
          ],
          "pending": [],
          "skipped": [],
          "duration": 12,
          "root": false,
          "rootEmpty": false,
          "_timeout": 10000
        },
        {
          "uuid": "b501194a-6b23-4501-b58b-5b2d198b4079",
          "title": "POST /api/mekanlar/:mekanid/yorumlar",
          "fullFile": "C:\\Users\\borak\\OneDrive\\Masaüstü\\mekanbul1\\test.js",
          "file": "\\test.js",
          "beforeHooks": [],
          "afterHooks": [],
          "tests": [
            {
              "title": "Yorum ekle:",
              "fullTitle": "POST /api/mekanlar/:mekanid/yorumlar Yorum ekle:",
              "timedOut": false,
              "duration": 7,
              "state": "failed",
              "speed": null,
              "pass": false,
              "fail": true,
              "pending": false,
              "context": null,
              "code": "const response = await request\n  .post(`/api/mekanlar/${process.env.mekanid}/yorumlar`)\n  .send({\n    yorumYapan: \"Bora Kol\",\n    puan: 4,\n    yorumMetni: \"Kahveler güzel\",\n  });\nprocess.env.yorumid = response.body._id;\nexpect(response.status).to.eql(201);",
              "err": {
                "message": "Error: ECONNREFUSED: Connection refused",
                "estack": "Error: ECONNREFUSED: Connection refused\n    at Test.assert (node_modules\\supertest\\lib\\test.js:156:20)\n    at localAssert (node_modules\\supertest\\lib\\test.js:120:14)\n    at C:\\Users\\borak\\OneDrive\\Masaüstü\\mekanbul1\\node_modules\\supertest\\lib\\test.js:125:7\n    at Test.Request.callback (node_modules\\superagent\\lib\\node\\index.js:866:3)\n    at ClientRequest.<anonymous> (node_modules\\superagent\\lib\\node\\index.js:788:10)\n    at ClientRequest.emit (node:events:513:28)\n    at Socket.socketErrorListener (node:_http_client:481:9)\n    at Socket.emit (node:events:513:28)\n    at emitErrorNT (node:internal/streams/destroy:157:8)\n    at emitErrorCloseNT (node:internal/streams/destroy:122:3)\n    at processTicksAndRejections (node:internal/process/task_queues:83:21)",
                "diff": null
              },
              "uuid": "2af55a3a-3a9c-4c57-bf24-e20daad24a7c",
              "parentUUID": "b501194a-6b23-4501-b58b-5b2d198b4079",
              "isHook": false,
              "skipped": false
            }
          ],
          "suites": [],
          "passes": [],
          "failures": [
            "2af55a3a-3a9c-4c57-bf24-e20daad24a7c"
          ],
          "pending": [],
          "skipped": [],
          "duration": 7,
          "root": false,
          "rootEmpty": false,
          "_timeout": 10000
        },
        {
          "uuid": "bab13f24-99ca-4945-8ee9-25e5cf046fd4",
          "title": "GET /api/mekanlar/:mekanid/yorumlar/:yorumid",
          "fullFile": "C:\\Users\\borak\\OneDrive\\Masaüstü\\mekanbul1\\test.js",
          "file": "\\test.js",
          "beforeHooks": [],
          "afterHooks": [],
          "tests": [
            {
              "title": "Yorum getir:",
              "fullTitle": "GET /api/mekanlar/:mekanid/yorumlar/:yorumid Yorum getir:",
              "timedOut": false,
              "duration": 9,
              "state": "failed",
              "speed": null,
              "pass": false,
              "fail": true,
              "pending": false,
              "context": null,
              "code": "const response = await request.get(\n  `/api/mekanlar/${process.env.mekanid}/yorumlar/${process.env.yorumid}`\n);\nexpect(response.status).to.eql(200);",
              "err": {
                "message": "Error: ECONNREFUSED: Connection refused",
                "estack": "Error: ECONNREFUSED: Connection refused\n    at Test.assert (node_modules\\supertest\\lib\\test.js:156:20)\n    at localAssert (node_modules\\supertest\\lib\\test.js:120:14)\n    at C:\\Users\\borak\\OneDrive\\Masaüstü\\mekanbul1\\node_modules\\supertest\\lib\\test.js:125:7\n    at Test.Request.callback (node_modules\\superagent\\lib\\node\\index.js:866:3)\n    at ClientRequest.<anonymous> (node_modules\\superagent\\lib\\node\\index.js:788:10)\n    at ClientRequest.emit (node:events:513:28)\n    at Socket.socketErrorListener (node:_http_client:481:9)\n    at Socket.emit (node:events:513:28)\n    at emitErrorNT (node:internal/streams/destroy:157:8)\n    at emitErrorCloseNT (node:internal/streams/destroy:122:3)\n    at processTicksAndRejections (node:internal/process/task_queues:83:21)",
                "diff": null
              },
              "uuid": "5353520e-470a-4e82-ac9d-60619e4b73cc",
              "parentUUID": "bab13f24-99ca-4945-8ee9-25e5cf046fd4",
              "isHook": false,
              "skipped": false
            }
          ],
          "suites": [],
          "passes": [],
          "failures": [
            "5353520e-470a-4e82-ac9d-60619e4b73cc"
          ],
          "pending": [],
          "skipped": [],
          "duration": 9,
          "root": false,
          "rootEmpty": false,
          "_timeout": 10000
        },
        {
          "uuid": "627fb98b-de4e-4470-8a44-4951a89d4576",
          "title": "PUT /api/mekanlar/:mekanid/yorumlar/:yorumid",
          "fullFile": "C:\\Users\\borak\\OneDrive\\Masaüstü\\mekanbul1\\test.js",
          "file": "\\test.js",
          "beforeHooks": [],
          "afterHooks": [],
          "tests": [
            {
              "title": "Yorum güncelle:",
              "fullTitle": "PUT /api/mekanlar/:mekanid/yorumlar/:yorumid Yorum güncelle:",
              "timedOut": false,
              "duration": 6,
              "state": "failed",
              "speed": null,
              "pass": false,
              "fail": true,
              "pending": false,
              "context": null,
              "code": "const response = await request\n  .put(\n    `/api/mekanlar/${process.env.mekanid}/yorumlar/${process.env.yorumid}`\n  )\n  .send({\n    yorumYapan: \"Mehmet\",\n    puan: 2,\n    yorumMetni: \"Kahveler kötü\",\n  });\nexpect(response.status).to.eql(200);",
              "err": {
                "message": "Error: ECONNREFUSED: Connection refused",
                "estack": "Error: ECONNREFUSED: Connection refused\n    at Test.assert (node_modules\\supertest\\lib\\test.js:156:20)\n    at localAssert (node_modules\\supertest\\lib\\test.js:120:14)\n    at C:\\Users\\borak\\OneDrive\\Masaüstü\\mekanbul1\\node_modules\\supertest\\lib\\test.js:125:7\n    at Test.Request.callback (node_modules\\superagent\\lib\\node\\index.js:866:3)\n    at ClientRequest.<anonymous> (node_modules\\superagent\\lib\\node\\index.js:788:10)\n    at ClientRequest.emit (node:events:513:28)\n    at Socket.socketErrorListener (node:_http_client:481:9)\n    at Socket.emit (node:events:513:28)\n    at emitErrorNT (node:internal/streams/destroy:157:8)\n    at emitErrorCloseNT (node:internal/streams/destroy:122:3)\n    at processTicksAndRejections (node:internal/process/task_queues:83:21)",
                "diff": null
              },
              "uuid": "d878f080-5e15-4dce-acef-1d3612cf142e",
              "parentUUID": "627fb98b-de4e-4470-8a44-4951a89d4576",
              "isHook": false,
              "skipped": false
            }
          ],
          "suites": [],
          "passes": [],
          "failures": [
            "d878f080-5e15-4dce-acef-1d3612cf142e"
          ],
          "pending": [],
          "skipped": [],
          "duration": 6,
          "root": false,
          "rootEmpty": false,
          "_timeout": 10000
        },
        {
          "uuid": "3451adc0-07c6-4224-95db-cda69452a75a",
          "title": "DELETE /api/mekanlar/:mekanid/yorumlar/:yorumid",
          "fullFile": "C:\\Users\\borak\\OneDrive\\Masaüstü\\mekanbul1\\test.js",
          "file": "\\test.js",
          "beforeHooks": [],
          "afterHooks": [],
          "tests": [
            {
              "title": "Yorum sil:",
              "fullTitle": "DELETE /api/mekanlar/:mekanid/yorumlar/:yorumid Yorum sil:",
              "timedOut": false,
              "duration": 3,
              "state": "failed",
              "speed": null,
              "pass": false,
              "fail": true,
              "pending": false,
              "context": null,
              "code": "const response = await request.delete(\n  `/api/mekanlar/${process.env.mekanid}/yorumlar/${process.env.yorumid}`\n);\nexpect(response.status).to.eql(200);",
              "err": {
                "message": "Error: ECONNREFUSED: Connection refused",
                "estack": "Error: ECONNREFUSED: Connection refused\n    at Test.assert (node_modules\\supertest\\lib\\test.js:156:20)\n    at localAssert (node_modules\\supertest\\lib\\test.js:120:14)\n    at C:\\Users\\borak\\OneDrive\\Masaüstü\\mekanbul1\\node_modules\\supertest\\lib\\test.js:125:7\n    at Test.Request.callback (node_modules\\superagent\\lib\\node\\index.js:866:3)\n    at ClientRequest.<anonymous> (node_modules\\superagent\\lib\\node\\index.js:788:10)\n    at ClientRequest.emit (node:events:513:28)\n    at Socket.socketErrorListener (node:_http_client:481:9)\n    at Socket.emit (node:events:513:28)\n    at emitErrorNT (node:internal/streams/destroy:157:8)\n    at emitErrorCloseNT (node:internal/streams/destroy:122:3)\n    at processTicksAndRejections (node:internal/process/task_queues:83:21)",
                "diff": null
              },
              "uuid": "314ff78f-92c9-411b-ae42-c1324d70113c",
              "parentUUID": "3451adc0-07c6-4224-95db-cda69452a75a",
              "isHook": false,
              "skipped": false
            }
          ],
          "suites": [],
          "passes": [],
          "failures": [
            "314ff78f-92c9-411b-ae42-c1324d70113c"
          ],
          "pending": [],
          "skipped": [],
          "duration": 3,
          "root": false,
          "rootEmpty": false,
          "_timeout": 10000
        },
        {
          "uuid": "c9cc28d2-64dd-40e0-aa4a-08a8f3da41a6",
          "title": "DELETE /api/mekanlar/:mekanid",
          "fullFile": "C:\\Users\\borak\\OneDrive\\Masaüstü\\mekanbul1\\test.js",
          "file": "\\test.js",
          "beforeHooks": [],
          "afterHooks": [],
          "tests": [
            {
              "title": "Mekan sil:",
              "fullTitle": "DELETE /api/mekanlar/:mekanid Mekan sil:",
              "timedOut": false,
              "duration": 5,
              "state": "failed",
              "speed": null,
              "pass": false,
              "fail": true,
              "pending": false,
              "context": null,
              "code": "const response = await request.delete(\n  `/api/mekanlar/${process.env.mekanid}`\n);\nexpect(response.status).to.eql(200);",
              "err": {
                "message": "Error: ECONNREFUSED: Connection refused",
                "estack": "Error: ECONNREFUSED: Connection refused\n    at Test.assert (node_modules\\supertest\\lib\\test.js:156:20)\n    at localAssert (node_modules\\supertest\\lib\\test.js:120:14)\n    at C:\\Users\\borak\\OneDrive\\Masaüstü\\mekanbul1\\node_modules\\supertest\\lib\\test.js:125:7\n    at Test.Request.callback (node_modules\\superagent\\lib\\node\\index.js:866:3)\n    at ClientRequest.<anonymous> (node_modules\\superagent\\lib\\node\\index.js:788:10)\n    at ClientRequest.emit (node:events:513:28)\n    at Socket.socketErrorListener (node:_http_client:481:9)\n    at Socket.emit (node:events:513:28)\n    at emitErrorNT (node:internal/streams/destroy:157:8)\n    at emitErrorCloseNT (node:internal/streams/destroy:122:3)\n    at processTicksAndRejections (node:internal/process/task_queues:83:21)",
                "diff": null
              },
              "uuid": "ea9afb62-63bc-4a91-aaba-0f1a0bc4722f",
              "parentUUID": "c9cc28d2-64dd-40e0-aa4a-08a8f3da41a6",
              "isHook": false,
              "skipped": false
            }
          ],
          "suites": [],
          "passes": [],
          "failures": [
            "ea9afb62-63bc-4a91-aaba-0f1a0bc4722f"
          ],
          "pending": [],
          "skipped": [],
          "duration": 5,
          "root": false,
          "rootEmpty": false,
          "_timeout": 10000
        }
      ],
      "passes": [],
      "failures": [],
      "pending": [],
      "skipped": [],
      "duration": 0,
      "root": true,
      "rootEmpty": true,
      "_timeout": 10000
    }
  ],
  "meta": {
    "mocha": {
      "version": "10.1.0"
    },
    "mochawesome": {
      "options": {
        "quiet": false,
        "reportFilename": "mochawesome",
        "saveHtml": true,
        "saveJson": true,
        "consoleReporter": "spec",
        "useInlineDiffs": false,
        "code": true
      },
      "version": "7.1.3"
    },
    "marge": {
      "options": null,
      "version": "6.2.0"
    }
  }
}